[debug] [2021-08-09T07:02:29.818Z] ----------------------------------------------------------------------
[debug] [2021-08-09T07:02:29.820Z] Command:       C:\Program Files\nodejs\node.exe C:\Users\Shivam\AppData\Roaming\npm\node_modules\firebase-tools\lib\bin\firebase.js init
[debug] [2021-08-09T07:02:29.821Z] CLI Version:   9.16.0
[debug] [2021-08-09T07:02:29.821Z] Platform:      win32
[debug] [2021-08-09T07:02:29.821Z] Node Version:  v14.15.3
[debug] [2021-08-09T07:02:29.822Z] Time:          Mon Aug 09 2021 02:02:29 GMT-0500 (Central Daylight Time)
[debug] [2021-08-09T07:02:29.822Z] ----------------------------------------------------------------------
[debug] 
[debug] [2021-08-09T07:02:29.829Z] > command requires scopes: ["email","openid","https://www.googleapis.com/auth/cloudplatformprojects.readonly","https://www.googleapis.com/auth/firebase","https://www.googleapis.com/auth/cloud-platform"]
[debug] [2021-08-09T07:02:29.829Z] > authorizing via signed-in user (shivam98071@gmail.com)
[info] 
     ######## #### ########  ######## ########     ###     ######  ########
     ##        ##  ##     ## ##       ##     ##  ##   ##  ##       ##
     ######    ##  ########  ######   ########  #########  ######  ######
     ##        ##  ##    ##  ##       ##     ## ##     ##       ## ##
     ##       #### ##     ## ######## ########  ##     ##  ######  ########

You're about to initialize a Firebase project in this directory:

  C:\Users\Shivam\Desktop\Projects and Jobs\My Website\Website

[info] 
=== Project Setup
[info] 
[info] First, let's associate this project directory with a Firebase project.
[info] You can create multiple project aliases by running firebase use --add, 
[info] but for now we'll just set up a default project.
[info] 
[debug] [2021-08-09T07:03:45.929Z] >>> [apiv2][query] GET https://firebase.googleapis.com/v1beta1/projects pageSize=100
[debug] [2021-08-09T07:03:46.239Z] <<< [apiv2][status] GET https://firebase.googleapis.com/v1beta1/projects 200
[debug] [2021-08-09T07:03:46.240Z] <<< [apiv2][body] GET https://firebase.googleapis.com/v1beta1/projects [omitted]
[info] i  Using project chaudhary-shivam (shivam) 
[info] 
=== Hosting Setup
[info] 
[info] Your public directory is the folder (relative to your project directory) that
[info] will contain Hosting assets to be uploaded with firebase deploy. If you
[info] have a build process for your assets, use your build's output directory.
[info] 
